<?xml version="1.0" encoding="UTF-8"?>
<testsuite xmlns:xsi="http://www.w3.org/2001/XMLSchema-instance" xsi:noNamespaceSchemaLocation="https://maven.apache.org/surefire/maven-surefire-plugin/xsd/surefire-test-report.xsd" version="3.0.2" name="com.glea.nexo.api.controller.InventoryCrudIntegrationTest" time="3.09" tests="7" errors="0" skipped="0" failures="0">
  <properties>
[...]
</properties>
  <testcase name="farmCreateOk" classname="com.glea.nexo.api.controller.InventoryCrudIntegrationTest" time="0.049">
    <system-out><![CDATA[2026-02-16 00:54:05.331 INFO  [main] [N/A] o.s.t.c.s.AnnotationConfigContextLoaderUtils - Could not detect default configuration classes for test class [com.glea.nexo.api.controller.InventoryCrudIntegrationTest]: InventoryCrudIntegrationTest does not declare any static, non-private, non-final, nested classes annotated with @Configuration.
2026-02-16 00:54:05.335 INFO  [main] [N/A] o.s.b.t.c.SpringBootTestContextBootstrapper - Found @SpringBootConfiguration com.glea.nexo.Application for test class com.glea.nexo.api.controller.InventoryCrudIntegrationTest
2026-02-16 00:54:05.337 INFO  [main] [N/A] tc.postgres:16-alpine - Creating container for image: postgres:16-alpine
2026-02-16 00:54:05.379 INFO  [main] [N/A] tc.postgres:16-alpine - Container postgres:16-alpine is starting: 971254b4b940c2dc2a8bbd6b2f902ff0b84da0a5d7c9b8d44eeb13b10acf3a54
2026-02-16 00:54:06.792 INFO  [main] [N/A] tc.postgres:16-alpine - Container postgres:16-alpine started in PT1.4551715S
2026-02-16 00:54:06.793 INFO  [main] [N/A] tc.postgres:16-alpine - Container is started (JDBC URL: jdbc:postgresql://localhost:54535/test?loggerLevel=OFF)

  .   ____          _            __ _ _
 /\\ / ___'_ __ _ _(_)_ __  __ _ \ \ \ \
( ( )\___ | '_ | '_| | '_ \/ _` | \ \ \ \
 \\/  ___)| |_)| | | | | || (_| |  ) ) ) )
  '  |____| .__|_| |_|_| |_\__, | / / / /
 =========|_|==============|___/=/_/_/_/

 :: Spring Boot ::                (v3.5.0)

2026-02-16 00:54:06.809 INFO  [main] [N/A] c.g.n.a.c.InventoryCrudIntegrationTest - Starting InventoryCrudIntegrationTest using Java 25.0.1 with PID 31780 (started by rlpmu in E:\2026\glea-nexo\backend)
2026-02-16 00:54:06.809 INFO  [main] [N/A] c.g.n.a.c.InventoryCrudIntegrationTest - The following 1 profile is active: "prod"
2026-02-16 00:54:07.135 INFO  [main] [N/A] o.s.d.r.c.RepositoryConfigurationDelegate - Bootstrapping Spring Data JPA repositories in DEFAULT mode.
2026-02-16 00:54:07.155 INFO  [main] [N/A] o.s.d.r.c.RepositoryConfigurationDelegate - Finished Spring Data repository scanning in 19 ms. Found 9 JPA repository interfaces.
2026-02-16 00:54:07.206 INFO  [main] [N/A] o.h.jpa.internal.util.LogHelper - HHH000204: Processing PersistenceUnitInfo [name: default]
2026-02-16 00:54:07.208 INFO  [main] [N/A] o.h.c.i.RegionFactoryInitiator - HHH000026: Second-level cache disabled
2026-02-16 00:54:07.214 INFO  [main] [N/A] o.s.o.j.p.SpringPersistenceUnitInfo - No LoadTimeWeaver setup: ignoring JPA class transformer
2026-02-16 00:54:07.215 INFO  [main] [N/A] com.zaxxer.hikari.HikariDataSource - HikariPool-2 - Starting...
2026-02-16 00:54:07.229 INFO  [main] [N/A] com.zaxxer.hikari.pool.HikariPool - HikariPool-2 - Added connection org.postgresql.jdbc.PgConnection@59aed14e
2026-02-16 00:54:07.230 INFO  [main] [N/A] com.zaxxer.hikari.HikariDataSource - HikariPool-2 - Start completed.
2026-02-16 00:54:07.233 WARN  [main] [N/A] org.hibernate.orm.deprecation - HHH90000025: PostgreSQLDialect does not need to be specified explicitly using 'hibernate.dialect' (remove the property setting and it will be selected by default)
2026-02-16 00:54:07.235 INFO  [main] [N/A] o.hibernate.orm.connections.pooling - HHH10001005: Database info:
	Database JDBC URL [Connecting through datasource 'HikariDataSource (HikariPool-2)']
	Database driver: undefined/unknown
	Database version: 16.11
	Autocommit mode: undefined/unknown
	Isolation level: undefined/unknown
	Minimum pool size: undefined/unknown
	Maximum pool size: undefined/unknown
2026-02-16 00:54:07.296 INFO  [main] [N/A] o.h.e.t.j.p.i.JtaPlatformInitiator - HHH000489: No JTA platform available (set 'hibernate.transaction.jta.platform' to enable JTA platform integration)
2026-02-16 00:54:07.372 INFO  [main] [N/A] o.s.o.j.LocalContainerEntityManagerFactoryBean - Initialized JPA EntityManagerFactory for persistence unit 'default'
2026-02-16 00:54:07.535 INFO  [main] [N/A] o.s.b.a.e.web.EndpointLinksResolver - Exposing 2 endpoints beneath base path '/actuator'
2026-02-16 00:54:07.541 WARN  [main] [N/A] o.s.b.a.s.s.UserDetailsServiceAutoConfiguration - 

Using generated security password: e05e2a62-f972-4671-b5bb-5ca21e088c81

This generated password is for development use only. Your security configuration must be updated before running your application in production.

2026-02-16 00:54:07.541 INFO  [main] [N/A] o.s.s.c.a.a.c.InitializeUserDetailsBeanManagerConfigurer$InitializeUserDetailsManagerConfigurer - Global AuthenticationManager configured with UserDetailsService bean with name inMemoryUserDetailsManager
2026-02-16 00:54:07.588 INFO  [main] [N/A] o.s.b.t.m.w.SpringBootMockServletContext - Initializing Spring TestDispatcherServlet ''
2026-02-16 00:54:07.588 INFO  [main] [N/A] o.s.t.w.s.TestDispatcherServlet - Initializing Servlet ''
2026-02-16 00:54:07.589 INFO  [main] [N/A] o.s.t.w.s.TestDispatcherServlet - Completed initialization in 1 ms
2026-02-16 00:54:07.599 INFO  [main] [N/A] c.g.n.a.c.InventoryCrudIntegrationTest - Started InventoryCrudIntegrationTest in 0.805 seconds (process running for 11.62)
]]></system-out>
  </testcase>
  <testcase name="farmUniqueByOrgReturnsConflict" classname="com.glea.nexo.api.controller.InventoryCrudIntegrationTest" time="0.044">
    <system-out><![CDATA[2026-02-16 00:54:07.679 WARN  [main] [f1ff590f-94a1-4075-82a5-b129a44da5ca] o.h.e.jdbc.spi.SqlExceptionHelper - SQL Error: 0, SQLState: 23505
2026-02-16 00:54:07.679 ERROR [main] [f1ff590f-94a1-4075-82a5-b129a44da5ca] o.h.e.jdbc.spi.SqlExceptionHelper - ERROR: duplicate key value violates unique constraint "uk_farm_org_code"
  Detail: Key (organization_id, code)=(c7e6e784-f9fe-4ebd-b788-1e04d3e31a2b, farm-dup) already exists.
]]></system-out>
  </testcase>
  <testcase name="deviceUpdateShouldFailWhenDeviceUidIsProvided" classname="com.glea.nexo.api.controller.InventoryCrudIntegrationTest" time="0.035"/>
  <testcase name="farmListPagedOk" classname="com.glea.nexo.api.controller.InventoryCrudIntegrationTest" time="0.074">
    <system-out><![CDATA[2026-02-16 00:54:07.789 WARN  [main] [e31b0982-d373-4ebe-abd1-78d7e1f19702] o.s.d.w.c.SpringDataJacksonConfiguration$PageModule$WarningLoggingModifier - Serializing PageImpl instances as-is is not supported, meaning that there is no guarantee about the stability of the resulting JSON structure!
	For a stable JSON structure, please use Spring Data's PagedModel (globally via @EnableSpringDataWebSupport(pageSerializationMode = VIA_DTO))
	or Spring HATEOAS and Spring Data's PagedResourcesAssembler as documented in https://docs.spring.io/spring-data/commons/reference/repositories/core-extensions.html#core.web.pageables.

]]></system-out>
  </testcase>
  <testcase name="deviceCreateUnderZoneSetsOrgFarmZoneAndUniquePerOrg" classname="com.glea.nexo.api.controller.InventoryCrudIntegrationTest" time="0.05">
    <system-out><![CDATA[2026-02-16 00:54:07.849 WARN  [main] [76f45fb0-3eda-464c-b912-f5f9de8697a8] o.h.e.jdbc.spi.SqlExceptionHelper - SQL Error: 0, SQLState: 23505
2026-02-16 00:54:07.849 ERROR [main] [76f45fb0-3eda-464c-b912-f5f9de8697a8] o.h.e.jdbc.spi.SqlExceptionHelper - ERROR: duplicate key value violates unique constraint "uk_device_org_uid"
  Detail: Key (organization_id, device_uid)=(c7e6e784-f9fe-4ebd-b788-1e04d3e31a2b, dev-001) already exists.
]]></system-out>
  </testcase>
  <testcase name="zoneCreateAndUniquePerFarm" classname="com.glea.nexo.api.controller.InventoryCrudIntegrationTest" time="0.04">
    <system-out><![CDATA[2026-02-16 00:54:07.891 WARN  [main] [14716df0-54bf-493d-a8a5-21513c57cd95] o.h.e.jdbc.spi.SqlExceptionHelper - SQL Error: 0, SQLState: 23505
2026-02-16 00:54:07.891 ERROR [main] [14716df0-54bf-493d-a8a5-21513c57cd95] o.h.e.jdbc.spi.SqlExceptionHelper - ERROR: duplicate key value violates unique constraint "uk_zone_farm_code"
  Detail: Key (farm_id, code)=(4ab88452-45bc-49ab-97f9-f35e7eb9a323, zone-a) already exists.
]]></system-out>
  </testcase>
  <testcase name="deviceUpdateShouldNotModifyDeviceUid" classname="com.glea.nexo.api.controller.InventoryCrudIntegrationTest" time="0.029"/>
</testsuite>