<?xml version="1.0" encoding="UTF-8"?>
<testsuite xmlns:xsi="http://www.w3.org/2001/XMLSchema-instance" xsi:noNamespaceSchemaLocation="https://maven.apache.org/surefire/maven-surefire-plugin/xsd/surefire-test-report-3.0.xsd" version="3.0" name="com.glea.nexo.api.controller.IngestControllerIntegrationTest" time="7.379" tests="3" errors="0" skipped="0" failures="0">
  <properties>
[...]
</properties>
  <testcase name="shouldPersistTelemetryReadingAndUpdateSensor" classname="com.glea.nexo.api.controller.IngestControllerIntegrationTest" time="0.616">
    <system-out><![CDATA[11:30:55.912 [main] INFO org.springframework.test.context.support.AnnotationConfigContextLoaderUtils -- Could not detect default configuration classes for test class [com.glea.nexo.api.controller.IngestControllerIntegrationTest]: IngestControllerIntegrationTest does not declare any static, non-private, non-final, nested classes annotated with @Configuration.
11:30:56.004 [main] INFO org.springframework.boot.test.context.SpringBootTestContextBootstrapper -- Found @SpringBootConfiguration com.glea.nexo.Application for test class com.glea.nexo.api.controller.IngestControllerIntegrationTest
11:30:56.076 [main] INFO org.testcontainers.images.PullPolicy -- Image pull policy will be performed by: DefaultPullPolicy()
11:30:56.078 [main] INFO org.testcontainers.utility.ImageNameSubstitutor -- Image name substitution will be performed by: DefaultImageNameSubstitutor (composite of 'ConfigurationFileImageNameSubstitutor' and 'PrefixingImageNameSubstitutor')
11:30:56.234 [main] INFO org.testcontainers.dockerclient.DockerClientProviderStrategy -- Loaded org.testcontainers.dockerclient.NpipeSocketClientProviderStrategy from ~/.testcontainers.properties, will try it first
11:30:56.399 [main] INFO org.testcontainers.dockerclient.DockerClientProviderStrategy -- Found Docker environment with local Npipe socket (npipe:////./pipe/docker_engine)
11:30:56.400 [main] INFO org.testcontainers.DockerClientFactory -- Docker host IP address is localhost
11:30:56.414 [main] INFO org.testcontainers.DockerClientFactory -- Connected to docker: 
  Server Version: 27.5.1
  API Version: 1.47
  Operating System: Docker Desktop
  Total Memory: 15936 MB
11:30:56.436 [main] INFO tc.testcontainers/ryuk:0.7.0 -- Creating container for image: testcontainers/ryuk:0.7.0
11:30:56.567 [main] INFO org.testcontainers.utility.RegistryAuthLocator -- Credential helper/store (docker-credential-desktop) does not have credentials for https://index.docker.io/v1/
11:30:56.643 [main] INFO tc.testcontainers/ryuk:0.7.0 -- Container testcontainers/ryuk:0.7.0 is starting: fec55568c98df658b4ba158203612dcbd1e790f15db77ad17c324d7410fb96e1
11:30:57.021 [main] INFO tc.testcontainers/ryuk:0.7.0 -- Container testcontainers/ryuk:0.7.0 started in PT0.5852826S
11:30:57.027 [main] INFO org.testcontainers.utility.RyukResourceReaper -- Ryuk started - will monitor and terminate Testcontainers containers on JVM exit
11:30:57.027 [main] INFO org.testcontainers.DockerClientFactory -- Checking the system...
11:30:57.027 [main] INFO org.testcontainers.DockerClientFactory -- ✔︎ Docker server version should be at least 1.6.0
11:30:57.028 [main] INFO tc.postgres:16-alpine -- Creating container for image: postgres:16-alpine
11:30:57.061 [main] INFO tc.postgres:16-alpine -- Container postgres:16-alpine is starting: e77c5e254e83b65eb33bd5985e0f655b9b62cbee16d87a96b56742b72688f06a
11:30:58.381 [main] INFO tc.postgres:16-alpine -- Container postgres:16-alpine started in PT1.3538447S
11:30:58.382 [main] INFO tc.postgres:16-alpine -- Container is started (JDBC URL: jdbc:postgresql://localhost:58909/test?loggerLevel=OFF)

  .   ____          _            __ _ _
 /\\ / ___'_ __ _ _(_)_ __  __ _ \ \ \ \
( ( )\___ | '_ | '_| | '_ \/ _` | \ \ \ \
 \\/  ___)| |_)| | | | | || (_| |  ) ) ) )
  '  |____| .__|_| |_|_| |_\__, | / / / /
 =========|_|==============|___/=/_/_/_/

 :: Spring Boot ::                (v3.3.4)

2026-02-15T11:30:58.551+01:00  INFO 18936 --- [           main] .g.n.a.c.IngestControllerIntegrationTest : Starting IngestControllerIntegrationTest using Java 25.0.1 with PID 18936 (started by rlpmu in E:\2026\glea-nexo\backend)
2026-02-15T11:30:58.552+01:00  INFO 18936 --- [           main] .g.n.a.c.IngestControllerIntegrationTest : The following 1 profile is active: "prod"
2026-02-15T11:30:59.058+01:00  INFO 18936 --- [           main] .s.d.r.c.RepositoryConfigurationDelegate : Bootstrapping Spring Data JPA repositories in DEFAULT mode.
2026-02-15T11:30:59.113+01:00  INFO 18936 --- [           main] .s.d.r.c.RepositoryConfigurationDelegate : Finished Spring Data repository scanning in 48 ms. Found 9 JPA repository interfaces.
2026-02-15T11:30:59.520+01:00  INFO 18936 --- [           main] o.hibernate.jpa.internal.util.LogHelper  : HHH000204: Processing PersistenceUnitInfo [name: default]
2026-02-15T11:30:59.552+01:00  INFO 18936 --- [           main] org.hibernate.Version                    : HHH000412: Hibernate ORM core version 6.5.3.Final
2026-02-15T11:30:59.572+01:00  INFO 18936 --- [           main] o.h.c.internal.RegionFactoryInitiator    : HHH000026: Second-level cache disabled
2026-02-15T11:30:59.740+01:00  INFO 18936 --- [           main] o.s.o.j.p.SpringPersistenceUnitInfo      : No LoadTimeWeaver setup: ignoring JPA class transformer
2026-02-15T11:30:59.758+01:00  INFO 18936 --- [           main] com.zaxxer.hikari.HikariDataSource       : HikariPool-1 - Starting...
2026-02-15T11:30:59.850+01:00  INFO 18936 --- [           main] com.zaxxer.hikari.pool.HikariPool        : HikariPool-1 - Added connection org.postgresql.jdbc.PgConnection@2ff62720
2026-02-15T11:30:59.851+01:00  INFO 18936 --- [           main] com.zaxxer.hikari.HikariDataSource       : HikariPool-1 - Start completed.
2026-02-15T11:30:59.869+01:00  WARN 18936 --- [           main] org.hibernate.orm.deprecation            : HHH90000025: PostgreSQLDialect does not need to be specified explicitly using 'hibernate.dialect' (remove the property setting and it will be selected by default)
2026-02-15T11:31:00.571+01:00  INFO 18936 --- [           main] o.h.e.t.j.p.i.JtaPlatformInitiator       : HHH000489: No JTA platform available (set 'hibernate.transaction.jta.platform' to enable JTA platform integration)
2026-02-15T11:31:00.584+01:00  WARN 18936 --- [           main] o.h.engine.jdbc.spi.SqlExceptionHelper   : SQL Warning Code: 0, SQLState: 00000
2026-02-15T11:31:00.584+01:00  WARN 18936 --- [           main] o.h.engine.jdbc.spi.SqlExceptionHelper   : relation "device" does not exist, skipping
2026-02-15T11:31:00.585+01:00  WARN 18936 --- [           main] o.h.engine.jdbc.spi.SqlExceptionHelper   : SQL Warning Code: 0, SQLState: 00000
2026-02-15T11:31:00.585+01:00  WARN 18936 --- [           main] o.h.engine.jdbc.spi.SqlExceptionHelper   : relation "device" does not exist, skipping
2026-02-15T11:31:00.585+01:00  WARN 18936 --- [           main] o.h.engine.jdbc.spi.SqlExceptionHelper   : SQL Warning Code: 0, SQLState: 00000
2026-02-15T11:31:00.585+01:00  WARN 18936 --- [           main] o.h.engine.jdbc.spi.SqlExceptionHelper   : relation "device" does not exist, skipping
2026-02-15T11:31:00.586+01:00  WARN 18936 --- [           main] o.h.engine.jdbc.spi.SqlExceptionHelper   : SQL Warning Code: 0, SQLState: 00000
2026-02-15T11:31:00.586+01:00  WARN 18936 --- [           main] o.h.engine.jdbc.spi.SqlExceptionHelper   : relation "farm" does not exist, skipping
2026-02-15T11:31:00.587+01:00  WARN 18936 --- [           main] o.h.engine.jdbc.spi.SqlExceptionHelper   : SQL Warning Code: 0, SQLState: 00000
2026-02-15T11:31:00.587+01:00  WARN 18936 --- [           main] o.h.engine.jdbc.spi.SqlExceptionHelper   : relation "ingest_event" does not exist, skipping
2026-02-15T11:31:00.587+01:00  WARN 18936 --- [           main] o.h.engine.jdbc.spi.SqlExceptionHelper   : SQL Warning Code: 0, SQLState: 00000
2026-02-15T11:31:00.588+01:00  WARN 18936 --- [           main] o.h.engine.jdbc.spi.SqlExceptionHelper   : relation "ingest_event" does not exist, skipping
2026-02-15T11:31:00.588+01:00  WARN 18936 --- [           main] o.h.engine.jdbc.spi.SqlExceptionHelper   : SQL Warning Code: 0, SQLState: 00000
2026-02-15T11:31:00.588+01:00  WARN 18936 --- [           main] o.h.engine.jdbc.spi.SqlExceptionHelper   : relation "ingest_event" does not exist, skipping
2026-02-15T11:31:00.589+01:00  WARN 18936 --- [           main] o.h.engine.jdbc.spi.SqlExceptionHelper   : SQL Warning Code: 0, SQLState: 00000
2026-02-15T11:31:00.589+01:00  WARN 18936 --- [           main] o.h.engine.jdbc.spi.SqlExceptionHelper   : relation "ingest_event" does not exist, skipping
2026-02-15T11:31:00.589+01:00  WARN 18936 --- [           main] o.h.engine.jdbc.spi.SqlExceptionHelper   : SQL Warning Code: 0, SQLState: 00000
2026-02-15T11:31:00.589+01:00  WARN 18936 --- [           main] o.h.engine.jdbc.spi.SqlExceptionHelper   : relation "sensor" does not exist, skipping
2026-02-15T11:31:00.590+01:00  WARN 18936 --- [           main] o.h.engine.jdbc.spi.SqlExceptionHelper   : SQL Warning Code: 0, SQLState: 00000
2026-02-15T11:31:00.590+01:00  WARN 18936 --- [           main] o.h.engine.jdbc.spi.SqlExceptionHelper   : relation "sensor" does not exist, skipping
2026-02-15T11:31:00.591+01:00  WARN 18936 --- [           main] o.h.engine.jdbc.spi.SqlExceptionHelper   : SQL Warning Code: 0, SQLState: 00000
2026-02-15T11:31:00.591+01:00  WARN 18936 --- [           main] o.h.engine.jdbc.spi.SqlExceptionHelper   : relation "sensor" does not exist, skipping
2026-02-15T11:31:00.592+01:00  WARN 18936 --- [           main] o.h.engine.jdbc.spi.SqlExceptionHelper   : SQL Warning Code: 0, SQLState: 00000
2026-02-15T11:31:00.592+01:00  WARN 18936 --- [           main] o.h.engine.jdbc.spi.SqlExceptionHelper   : relation "sensor" does not exist, skipping
2026-02-15T11:31:00.592+01:00  WARN 18936 --- [           main] o.h.engine.jdbc.spi.SqlExceptionHelper   : SQL Warning Code: 0, SQLState: 00000
2026-02-15T11:31:00.592+01:00  WARN 18936 --- [           main] o.h.engine.jdbc.spi.SqlExceptionHelper   : relation "sensor" does not exist, skipping
2026-02-15T11:31:00.593+01:00  WARN 18936 --- [           main] o.h.engine.jdbc.spi.SqlExceptionHelper   : SQL Warning Code: 0, SQLState: 00000
2026-02-15T11:31:00.593+01:00  WARN 18936 --- [           main] o.h.engine.jdbc.spi.SqlExceptionHelper   : relation "sensor" does not exist, skipping
2026-02-15T11:31:00.594+01:00  WARN 18936 --- [           main] o.h.engine.jdbc.spi.SqlExceptionHelper   : SQL Warning Code: 0, SQLState: 00000
2026-02-15T11:31:00.594+01:00  WARN 18936 --- [           main] o.h.engine.jdbc.spi.SqlExceptionHelper   : relation "sensor_type" does not exist, skipping
2026-02-15T11:31:00.595+01:00  WARN 18936 --- [           main] o.h.engine.jdbc.spi.SqlExceptionHelper   : SQL Warning Code: 0, SQLState: 00000
2026-02-15T11:31:00.595+01:00  WARN 18936 --- [           main] o.h.engine.jdbc.spi.SqlExceptionHelper   : relation "telemetry_reading" does not exist, skipping
2026-02-15T11:31:00.595+01:00  WARN 18936 --- [           main] o.h.engine.jdbc.spi.SqlExceptionHelper   : SQL Warning Code: 0, SQLState: 00000
2026-02-15T11:31:00.595+01:00  WARN 18936 --- [           main] o.h.engine.jdbc.spi.SqlExceptionHelper   : relation "telemetry_reading" does not exist, skipping
2026-02-15T11:31:00.596+01:00  WARN 18936 --- [           main] o.h.engine.jdbc.spi.SqlExceptionHelper   : SQL Warning Code: 0, SQLState: 00000
2026-02-15T11:31:00.596+01:00  WARN 18936 --- [           main] o.h.engine.jdbc.spi.SqlExceptionHelper   : relation "telemetry_reading" does not exist, skipping
2026-02-15T11:31:00.596+01:00  WARN 18936 --- [           main] o.h.engine.jdbc.spi.SqlExceptionHelper   : SQL Warning Code: 0, SQLState: 00000
2026-02-15T11:31:00.596+01:00  WARN 18936 --- [           main] o.h.engine.jdbc.spi.SqlExceptionHelper   : relation "telemetry_reading" does not exist, skipping
2026-02-15T11:31:00.597+01:00  WARN 18936 --- [           main] o.h.engine.jdbc.spi.SqlExceptionHelper   : SQL Warning Code: 0, SQLState: 00000
2026-02-15T11:31:00.597+01:00  WARN 18936 --- [           main] o.h.engine.jdbc.spi.SqlExceptionHelper   : relation "telemetry_reading" does not exist, skipping
2026-02-15T11:31:00.597+01:00  WARN 18936 --- [           main] o.h.engine.jdbc.spi.SqlExceptionHelper   : SQL Warning Code: 0, SQLState: 00000
2026-02-15T11:31:00.597+01:00  WARN 18936 --- [           main] o.h.engine.jdbc.spi.SqlExceptionHelper   : relation "telemetry_reading" does not exist, skipping
2026-02-15T11:31:00.598+01:00  WARN 18936 --- [           main] o.h.engine.jdbc.spi.SqlExceptionHelper   : SQL Warning Code: 0, SQLState: 00000
2026-02-15T11:31:00.598+01:00  WARN 18936 --- [           main] o.h.engine.jdbc.spi.SqlExceptionHelper   : relation "telemetry_reading" does not exist, skipping
2026-02-15T11:31:00.599+01:00  WARN 18936 --- [           main] o.h.engine.jdbc.spi.SqlExceptionHelper   : SQL Warning Code: 0, SQLState: 00000
2026-02-15T11:31:00.599+01:00  WARN 18936 --- [           main] o.h.engine.jdbc.spi.SqlExceptionHelper   : relation "zone" does not exist, skipping
2026-02-15T11:31:00.599+01:00  WARN 18936 --- [           main] o.h.engine.jdbc.spi.SqlExceptionHelper   : SQL Warning Code: 0, SQLState: 00000
2026-02-15T11:31:00.599+01:00  WARN 18936 --- [           main] o.h.engine.jdbc.spi.SqlExceptionHelper   : table "device" does not exist, skipping
2026-02-15T11:31:00.600+01:00  WARN 18936 --- [           main] o.h.engine.jdbc.spi.SqlExceptionHelper   : SQL Warning Code: 0, SQLState: 00000
2026-02-15T11:31:00.600+01:00  WARN 18936 --- [           main] o.h.engine.jdbc.spi.SqlExceptionHelper   : table "farm" does not exist, skipping
2026-02-15T11:31:00.600+01:00  WARN 18936 --- [           main] o.h.engine.jdbc.spi.SqlExceptionHelper   : SQL Warning Code: 0, SQLState: 00000
2026-02-15T11:31:00.600+01:00  WARN 18936 --- [           main] o.h.engine.jdbc.spi.SqlExceptionHelper   : table "ingest_event" does not exist, skipping
2026-02-15T11:31:00.601+01:00  WARN 18936 --- [           main] o.h.engine.jdbc.spi.SqlExceptionHelper   : SQL Warning Code: 0, SQLState: 00000
2026-02-15T11:31:00.601+01:00  WARN 18936 --- [           main] o.h.engine.jdbc.spi.SqlExceptionHelper   : table "organization" does not exist, skipping
2026-02-15T11:31:00.601+01:00  WARN 18936 --- [           main] o.h.engine.jdbc.spi.SqlExceptionHelper   : SQL Warning Code: 0, SQLState: 00000
2026-02-15T11:31:00.601+01:00  WARN 18936 --- [           main] o.h.engine.jdbc.spi.SqlExceptionHelper   : table "sensor" does not exist, skipping
2026-02-15T11:31:00.602+01:00  WARN 18936 --- [           main] o.h.engine.jdbc.spi.SqlExceptionHelper   : SQL Warning Code: 0, SQLState: 00000
2026-02-15T11:31:00.602+01:00  WARN 18936 --- [           main] o.h.engine.jdbc.spi.SqlExceptionHelper   : table "sensor_type" does not exist, skipping
2026-02-15T11:31:00.603+01:00  WARN 18936 --- [           main] o.h.engine.jdbc.spi.SqlExceptionHelper   : SQL Warning Code: 0, SQLState: 00000
2026-02-15T11:31:00.603+01:00  WARN 18936 --- [           main] o.h.engine.jdbc.spi.SqlExceptionHelper   : table "telemetry_reading" does not exist, skipping
2026-02-15T11:31:00.604+01:00  WARN 18936 --- [           main] o.h.engine.jdbc.spi.SqlExceptionHelper   : SQL Warning Code: 0, SQLState: 00000
2026-02-15T11:31:00.604+01:00  WARN 18936 --- [           main] o.h.engine.jdbc.spi.SqlExceptionHelper   : table "unit" does not exist, skipping
2026-02-15T11:31:00.604+01:00  WARN 18936 --- [           main] o.h.engine.jdbc.spi.SqlExceptionHelper   : SQL Warning Code: 0, SQLState: 00000
2026-02-15T11:31:00.604+01:00  WARN 18936 --- [           main] o.h.engine.jdbc.spi.SqlExceptionHelper   : table "zone" does not exist, skipping
2026-02-15T11:31:00.669+01:00  INFO 18936 --- [           main] j.LocalContainerEntityManagerFactoryBean : Initialized JPA EntityManagerFactory for persistence unit 'default'
2026-02-15T11:31:01.189+01:00  WARN 18936 --- [           main] .s.s.UserDetailsServiceAutoConfiguration : 

Using generated security password: 10e912f2-23ff-4b64-a058-27ed10e16132

This generated password is for development use only. Your security configuration must be updated before running your application in production.

2026-02-15T11:31:01.200+01:00  INFO 18936 --- [           main] r$InitializeUserDetailsManagerConfigurer : Global AuthenticationManager configured with UserDetailsService bean with name inMemoryUserDetailsManager
2026-02-15T11:31:01.509+01:00  INFO 18936 --- [           main] o.s.b.a.e.web.EndpointLinksResolver      : Exposing 2 endpoints beneath base path '/actuator'
2026-02-15T11:31:01.821+01:00  INFO 18936 --- [           main] o.s.b.t.m.w.SpringBootMockServletContext : Initializing Spring TestDispatcherServlet ''
2026-02-15T11:31:01.821+01:00  INFO 18936 --- [           main] o.s.t.web.servlet.TestDispatcherServlet  : Initializing Servlet ''
2026-02-15T11:31:01.821+01:00  INFO 18936 --- [           main] o.s.t.web.servlet.TestDispatcherServlet  : Completed initialization in 0 ms
2026-02-15T11:31:01.864+01:00  INFO 18936 --- [           main] .g.n.a.c.IngestControllerIntegrationTest : Started IngestControllerIntegrationTest in 3.459 seconds (process running for 6.424)
2026-02-15T11:31:02.435+01:00  INFO 18936 --- [           main] c.g.n.a.ingest.IngestItemProcessor       : Telemetry persisted: messageId=test-telemetry-4e3db90f-3cee-41a0-9b2a-9069bad8529a, sensorUid=temp-sensor-01, value=23.4
]]></system-out>
    <system-err><![CDATA[WARNING: A Java agent has been loaded dynamically (C:\Users\rlpmu\.m2\repository\net\bytebuddy\byte-buddy-agent\1.14.19\byte-buddy-agent-1.14.19.jar)
WARNING: If a serviceability tool is in use, please run with -XX:+EnableDynamicAgentLoading to hide this warning
WARNING: If a serviceability tool is not in use, please run with -Djdk.instrument.traceUsage for more information
WARNING: Dynamic loading of agents will be disallowed by default in a future release
]]></system-err>
  </testcase>
  <testcase name="shouldDetectDuplicateTelemetry" classname="com.glea.nexo.api.controller.IngestControllerIntegrationTest" time="0.054">
    <system-out><![CDATA[2026-02-15T11:31:02.568+01:00  INFO 18936 --- [           main] c.g.n.a.ingest.IngestItemProcessor       : Telemetry persisted: messageId=test-duplicate-5a750daf-6036-411d-9370-4d1d6f42ad73, sensorUid=temp-sensor-02, value=25.0
2026-02-15T11:31:02.583+01:00  INFO 18936 --- [           main] c.g.n.a.ingest.IngestItemProcessor       : ingest duplicate pre-check messageId=test-duplicate-5a750daf-6036-411d-9370-4d1d6f42ad73 deviceUid=temp-sensor-02
]]></system-out>
  </testcase>
  <testcase name="shouldReturnDuplicateWhenSameBatchIsSentTwice" classname="com.glea.nexo.api.controller.IngestControllerIntegrationTest" time="0.054">
    <system-out><![CDATA[2026-02-15T11:31:02.620+01:00  INFO 18936 --- [           main] c.g.n.a.ingest.IngestItemProcessor       : Telemetry persisted: messageId=m-0001, sensorUid=temp-01, value=23.4
2026-02-15T11:31:02.636+01:00  INFO 18936 --- [           main] c.g.n.a.ingest.IngestItemProcessor       : ingest duplicate pre-check messageId=m-0001 deviceUid=temp-01
]]></system-out>
  </testcase>
</testsuite>